<?xml version="1.0" encoding="UTF-8"?>
<testng-results skipped="0" failed="1" ignored="0" total="2" passed="1">
  <reporter-output>
  </reporter-output>
  <suite name="Default suite" duration-ms="25115" started-at="2020-05-12T23:58:08 CDT" finished-at="2020-05-12T23:58:33 CDT">
    <groups>
    </groups>
    <test name="Default test" duration-ms="25115" started-at="2020-05-12T23:58:08 CDT" finished-at="2020-05-12T23:58:33 CDT">
      <class name="readtab.SQLandWebCheck">
        <test-method status="PASS" signature="setup()[pri:0, instance:readtab.SQLandWebCheck@4f063c0a]" name="setup" is-config="true" duration-ms="18847" started-at="2020-05-12T23:58:08 CDT" finished-at="2020-05-12T23:58:27 CDT">
          <reporter-output>
          </reporter-output>
        </test-method> <!-- setup -->
        <test-method status="PASS" signature="databaseAndWebcheck()[pri:1, instance:readtab.SQLandWebCheck@4f063c0a]" name="databaseAndWebcheck" duration-ms="5497" started-at="2020-05-12T23:58:27 CDT" finished-at="2020-05-12T23:58:33 CDT">
          <reporter-output>
          </reporter-output>
        </test-method> <!-- databaseAndWebcheck -->
        <test-method status="FAIL" signature="getDatafromDb()[pri:2, instance:readtab.SQLandWebCheck@4f063c0a]" name="getDatafromDb" duration-ms="13" started-at="2020-05-12T23:58:33 CDT" finished-at="2020-05-12T23:58:33 CDT">
          <exception class="java.lang.AssertionError">
            <message>
              <![CDATA[The following asserts failed:
data not equal: lists don't have the same size expected [3] but found [21]]]>
            </message>
            <full-stacktrace>
              <![CDATA[java.lang.AssertionError: The following asserts failed:
data not equal: lists don't have the same size expected [3] but found [21]
at org.testng.asserts.SoftAssert.assertAll(SoftAssert.java:47)
at org.testng.asserts.SoftAssert.assertAll(SoftAssert.java:31)
at readtab.SQLandWebCheck.getDatafromDb(SQLandWebCheck.java:138)
at sun.reflect.NativeMethodAccessorImpl.invoke0(Native Method)
at sun.reflect.NativeMethodAccessorImpl.invoke(NativeMethodAccessorImpl.java:62)
at sun.reflect.DelegatingMethodAccessorImpl.invoke(DelegatingMethodAccessorImpl.java:43)
at java.lang.reflect.Method.invoke(Method.java:498)
at org.testng.internal.MethodInvocationHelper.invokeMethod(MethodInvocationHelper.java:134)
at org.testng.internal.TestInvoker.invokeMethod(TestInvoker.java:597)
at org.testng.internal.TestInvoker.invokeTestMethod(TestInvoker.java:173)
at org.testng.internal.MethodRunner.runInSequence(MethodRunner.java:46)
at org.testng.internal.TestInvoker$MethodInvocationAgent.invoke(TestInvoker.java:816)
at org.testng.internal.TestInvoker.invokeTestMethods(TestInvoker.java:146)
at org.testng.internal.TestMethodWorker.invokeTestMethods(TestMethodWorker.java:146)
at org.testng.internal.TestMethodWorker.run(TestMethodWorker.java:128)
at java.util.ArrayList.forEach(ArrayList.java:1257)
at org.testng.TestRunner.privateRun(TestRunner.java:766)
at org.testng.TestRunner.run(TestRunner.java:587)
at org.testng.SuiteRunner.runTest(SuiteRunner.java:384)
at org.testng.SuiteRunner.runSequentially(SuiteRunner.java:378)
at org.testng.SuiteRunner.privateRun(SuiteRunner.java:337)
at org.testng.SuiteRunner.run(SuiteRunner.java:286)
at org.testng.SuiteRunnerWorker.runSuite(SuiteRunnerWorker.java:53)
at org.testng.SuiteRunnerWorker.run(SuiteRunnerWorker.java:96)
at org.testng.TestNG.runSuitesSequentially(TestNG.java:1187)
at org.testng.TestNG.runSuitesLocally(TestNG.java:1109)
at org.testng.TestNG.runSuites(TestNG.java:1039)
at org.testng.TestNG.run(TestNG.java:1007)
at org.testng.remote.AbstractRemoteTestNG.run(AbstractRemoteTestNG.java:115)
at org.testng.remote.RemoteTestNG.initAndRun(RemoteTestNG.java:251)
at org.testng.remote.RemoteTestNG.main(RemoteTestNG.java:77)
]]>
            </full-stacktrace>
          </exception> <!-- java.lang.AssertionError -->
          <reporter-output>
          </reporter-output>
        </test-method> <!-- getDatafromDb -->
        <test-method status="PASS" signature="closeconnection()[pri:0, instance:readtab.SQLandWebCheck@4f063c0a]" name="closeconnection" is-config="true" duration-ms="700" started-at="2020-05-12T23:58:33 CDT" finished-at="2020-05-12T23:58:33 CDT">
          <reporter-output>
          </reporter-output>
        </test-method> <!-- closeconnection -->
      </class> <!-- readtab.SQLandWebCheck -->
    </test> <!-- Default test -->
  </suite> <!-- Default suite -->
</testng-results>
